app/build/outputs/logs/manifest-merger-debug-report.txt
-- Merging decision tree log ---
manifest
ADDED from src/main/AndroidManifest.xml:2:1-50:12
INJECTED from src/main/AndroidManifest.xml:2:1-50:12
INJECTED from src/main/AndroidManifest.xml:2:1-50:12
INJECTED from src/main/AndroidManifest.xml:2:1-50:12
MERGED from [com.android.support:appcompat-v7:27.1.1] AndroidManifest.xml:17:1-22:12
MERGED from [com.android.support.constraint:constraint-layout:1.1.3] AndroidManifest.xml:2:1-11:12
MERGED from [com.github.satyan:sugar:1.3] AndroidManifest.xml:2:1-17:12
MERGED from [com.android.support:support-fragment:27.1.1] AndroidManifest.xml:17:1-22:12
MERGED from [com.android.support:animated-vector-drawable:27.1.1] AndroidManifest.xml:17:1-22:12
MERGED from [com.android.support:support-core-ui:27.1.1] AndroidManifest.xml:17:1-22:12
MERGED from [com.android.support:support-core-utils:27.1.1] AndroidManifest.xml:17:1-22:12
MERGED from [com.android.support:support-vector-drawable:27.1.1] AndroidManifest.xml:17:1-22:12
MERGED from [com.android.support:support-compat:27.1.1] AndroidManifest.xml:17:1-22:12
MERGED from [android.arch.lifecycle:livedata-core:1.1.0] AndroidManifest.xml:17:1-22:12
MERGED from [android.arch.lifecycle:viewmodel:1.1.0] AndroidManifest.xml:17:1-22:12
MERGED from [android.arch.lifecycle:runtime:1.1.0] AndroidManifest.xml:17:1-22:12
MERGED from [android.arch.core:runtime:1.1.0] AndroidManifest.xml:17:1-22:12
INJECTED from src/main/AndroidManifest.xml:2:1-50:12
INJECTED from src/main/AndroidManifest.xml:2:1-50:12
INJECTED from src/main/AndroidManifest.xml:2:1-50:12
	package
		ADDED from src/main/AndroidManifest.xml:4:5-43
		INJECTED from src/main/AndroidManifest.xml
		INJECTED from src/main/AndroidManifest.xml
	android:versionName
		INJECTED from src/main/AndroidManifest.xml
		ADDED from src/main/AndroidManifest.xml:2:1-50:12
		INJECTED from src/main/AndroidManifest.xml
	xmlns:tools
		ADDED from src/main/AndroidManifest.xml:3:5-51
	android:versionCode
		INJECTED from src/main/AndroidManifest.xml
		ADDED from src/main/AndroidManifest.xml:2:1-50:12
		INJECTED from src/main/AndroidManifest.xml
	xmlns:android
		ADDED from src/main/AndroidManifest.xml:2:11-69
uses-permission#android.permission.INTERNET
ADDED from src/main/AndroidManifest.xml:6:5-67
	android:name
		ADDED from src/main/AndroidManifest.xml:6:22-64
uses-permission#android.permission.READ_EXTERNAL_STORAGE
ADDED from src/main/AndroidManifest.xml:7:5-79
	android:name
		ADDED from src/main/AndroidManifest.xml:7:22-77
application
ADDED from src/main/AndroidManifest.xml:9:5-48:19
MERGED from [com.android.support.constraint:constraint-layout:1.1.3] AndroidManifest.xml:9:5-20
MERGED from [com.android.support.constraint:constraint-layout:1.1.3] AndroidManifest.xml:9:5-20
MERGED from [com.github.satyan:sugar:1.3] AndroidManifest.xml:11:5-15:19
MERGED from [com.github.satyan:sugar:1.3] AndroidManifest.xml:11:5-15:19
	android:supportsRtl
		ADDED from src/main/AndroidManifest.xml:16:9-35
	android:label
		ADDED from src/main/AndroidManifest.xml:14:9-41
	android:roundIcon
		ADDED from src/main/AndroidManifest.xml:15:9-54
	android:configChanges
		ADDED from src/main/AndroidManifest.xml:12:9-55
	android:icon
		ADDED from src/main/AndroidManifest.xml:13:9-43
		REJECTED from [com.github.satyan:sugar:1.3] AndroidManifest.xml:13:9-45
	android:allowBackup
		ADDED from src/main/AndroidManifest.xml:11:9-35
	android:theme
		ADDED from src/main/AndroidManifest.xml:17:9-40
	tools:replace
		ADDED from src/main/AndroidManifest.xml:18:9-37
	android:name
		ADDED from src/main/AndroidManifest.xml:10:9-40
activity#com.alikbalm.oberon_alfaoodm.MainActivity
ADDED from src/main/AndroidManifest.xml:19:9-25:20
	android:name
		ADDED from src/main/AndroidManifest.xml:19:19-47
intent-filter#action:name:android.intent.action.MAIN+category:name:android.intent.category.LAUNCHER
ADDED from src/main/AndroidManifest.xml:20:13-24:29
action#android.intent.action.MAIN
ADDED from src/main/AndroidManifest.xml:21:17-69
	android:name
		ADDED from src/main/AndroidManifest.xml:21:25-66
category#android.intent.category.LAUNCHER
ADDED from src/main/AndroidManifest.xml:23:17-77
	android:name
		ADDED from src/main/AndroidManifest.xml:23:27-74
activity#com.alikbalm.oberon_alfaoodm.OOItemListActivity
ADDED from src/main/AndroidManifest.xml:26:9-28:77
	android:configChanges
		ADDED from src/main/AndroidManifest.xml:28:13-74
	android:name
		ADDED from src/main/AndroidManifest.xml:27:13-47
meta-data#DATABASE
ADDED from src/main/AndroidManifest.xml:30:9-32:47
	android:value
		ADDED from src/main/AndroidManifest.xml:32:13-44
	android:name
		ADDED from src/main/AndroidManifest.xml:31:13-36
meta-data#VERSION
ADDED from src/main/AndroidManifest.xml:33:9-35:33
	android:value
		ADDED from src/main/AndroidManifest.xml:35:13-30
	android:name
		ADDED from src/main/AndroidManifest.xml:34:13-35
meta-data#QUERY_LOG
ADDED from src/main/AndroidManifest.xml:36:9-38:36
	android:value
		ADDED from src/main/AndroidManifest.xml:38:13-33
	android:name
		ADDED from src/main/AndroidManifest.xml:37:13-37
meta-data#DOMAIN_PACKAGE_NAME
ADDED from src/main/AndroidManifest.xml:39:9-41:44
	android:value
		ADDED from src/main/AndroidManifest.xml:41:13-41
	android:name
		ADDED from src/main/AndroidManifest.xml:40:13-47
activity#com.alikbalm.oberon_alfaoodm.ReadSendEditMessages
ADDED from src/main/AndroidManifest.xml:43:9-45:77
	android:configChanges
		ADDED from src/main/AndroidManifest.xml:45:13-74
	android:name
		ADDED from src/main/AndroidManifest.xml:44:13-49
activity#com.alikbalm.oberon_alfaoodm.DocFilesReadWriteSaveDownload
ADDED from src/main/AndroidManifest.xml:46:9-47:92
	android:configChanges
		ADDED from src/main/AndroidManifest.xml:47:19-80
	android:name
		ADDED from src/main/AndroidManifest.xml:46:19-64
uses-sdk
INJECTED from src/main/AndroidManifest.xml reason: use-sdk injection requested
INJECTED from src/main/AndroidManifest.xml
INJECTED from src/main/AndroidManifest.xml
MERGED from [com.android.support:appcompat-v7:27.1.1] AndroidManifest.xml:20:5-44
MERGED from [com.android.support:appcompat-v7:27.1.1] AndroidManifest.xml:20:5-44
MERGED from [com.android.support.constraint:constraint-layout:1.1.3] AndroidManifest.xml:5:5-7:41
MERGED from [com.android.support.constraint:constraint-layout:1.1.3] AndroidManifest.xml:5:5-7:41
MERGED from [com.github.satyan:sugar:1.3] AndroidManifest.xml:7:5-9:41
MERGED from [com.github.satyan:sugar:1.3] AndroidManifest.xml:7:5-9:41
MERGED from [com.android.support:support-fragment:27.1.1] AndroidManifest.xml:20:5-44
MERGED from [com.android.support:support-fragment:27.1.1] AndroidManifest.xml:20:5-44
MERGED from [com.android.support:animated-vector-drawable:27.1.1] AndroidManifest.xml:20:5-44
MERGED from [com.android.support:animated-vector-drawable:27.1.1] AndroidManifest.xml:20:5-44
MERGED from [com.android.support:support-core-ui:27.1.1] AndroidManifest.xml:20:5-44
MERGED from [com.android.support:support-core-ui:27.1.1] AndroidManifest.xml:20:5-44
MERGED from [com.android.support:support-core-utils:27.1.1] AndroidManifest.xml:20:5-44
MERGED from [com.android.support:support-core-utils:27.1.1] AndroidManifest.xml:20:5-44
MERGED from [com.android.support:support-vector-drawable:27.1.1] AndroidManifest.xml:20:5-44
MERGED from [com.android.support:support-vector-drawable:27.1.1] AndroidManifest.xml:20:5-44
MERGED from [com.android.support:support-compat:27.1.1] AndroidManifest.xml:20:5-44
MERGED from [com.android.support:support-compat:27.1.1] AndroidManifest.xml:20:5-44
MERGED from [android.arch.lifecycle:livedata-core:1.1.0] AndroidManifest.xml:20:5-44
MERGED from [android.arch.lifecycle:livedata-core:1.1.0] AndroidManifest.xml:20:5-44
MERGED from [android.arch.lifecycle:viewmodel:1.1.0] AndroidManifest.xml:20:5-44
MERGED from [android.arch.lifecycle:viewmodel:1.1.0] AndroidManifest.xml:20:5-44
MERGED from [android.arch.lifecycle:runtime:1.1.0] AndroidManifest.xml:20:5-44
MERGED from [android.arch.lifecycle:runtime:1.1.0] AndroidManifest.xml:20:5-44
MERGED from [android.arch.core:runtime:1.1.0] AndroidManifest.xml:20:5-44
MERGED from [android.arch.core:runtime:1.1.0] AndroidManifest.xml:20:5-44
INJECTED from src/main/AndroidManifest.xml
INJECTED from src/main/AndroidManifest.xml
	android:targetSdkVersion
		INJECTED from src/main/AndroidManifest.xml
		ADDED from src/main/AndroidManifest.xml
		INJECTED from src/main/AndroidManifest.xml
	android:minSdkVersion
		INJECTED from src/main/AndroidManifest.xml
		ADDED from src/main/AndroidManifest.xml
		INJECTED from src/main/AndroidManifest.xml